2025-02-22 13:37:01,712 INFO daemonizing the supervisord process
2025-02-22 13:37:01,716 INFO supervisord started with pid 699
2025-02-22 13:37:02,724 INFO spawned: 'consumer' with pid 700
2025-02-22 13:37:02,730 INFO spawned: 'producer' with pid 701
2025-02-22 13:37:03,732 INFO success: consumer entered RUNNING state, process has stayed up for > than 1 seconds (startsecs)
2025-02-22 13:37:03,733 INFO success: producer entered RUNNING state, process has stayed up for > than 1 seconds (startsecs)
2025-02-22 13:37:13,845 WARN exited: producer (exit status 1; not expected)
2025-02-22 13:37:14,851 INFO spawned: 'producer' with pid 716
2025-02-22 13:37:15,853 INFO success: producer entered RUNNING state, process has stayed up for > than 1 seconds (startsecs)
2025-02-22 13:37:20,434 WARN exited: producer (exit status 1; not expected)
2025-02-22 13:37:21,440 INFO spawned: 'producer' with pid 722
2025-02-22 13:37:22,442 INFO success: producer entered RUNNING state, process has stayed up for > than 1 seconds (startsecs)
2025-02-22 13:37:33,891 WARN exited: producer (exit status 1; not expected)
2025-02-22 13:37:34,898 INFO spawned: 'producer' with pid 739
2025-02-22 13:37:35,899 INFO success: producer entered RUNNING state, process has stayed up for > than 1 seconds (startsecs)
2025-02-22 13:37:48,950 WARN exited: producer (exit status 1; not expected)
2025-02-22 13:37:49,956 INFO spawned: 'producer' with pid 750
2025-02-22 13:37:50,958 INFO success: producer entered RUNNING state, process has stayed up for > than 1 seconds (startsecs)
2025-02-22 13:38:02,973 WARN exited: producer (exit status 1; not expected)
2025-02-22 13:38:03,980 INFO spawned: 'producer' with pid 843
2025-02-22 13:38:04,982 INFO success: producer entered RUNNING state, process has stayed up for > than 1 seconds (startsecs)
2025-02-22 13:38:17,043 WARN exited: producer (exit status 1; not expected)
2025-02-22 13:38:18,050 INFO spawned: 'producer' with pid 859
2025-02-22 13:38:19,052 INFO success: producer entered RUNNING state, process has stayed up for > than 1 seconds (startsecs)
2025-02-22 13:38:23,642 WARN exited: producer (exit status 1; not expected)
2025-02-22 13:38:24,649 INFO spawned: 'producer' with pid 862
2025-02-22 13:38:25,651 INFO success: producer entered RUNNING state, process has stayed up for > than 1 seconds (startsecs)
2025-02-22 13:38:36,056 WARN exited: producer (exit status 1; not expected)
2025-02-22 13:38:37,062 INFO spawned: 'producer' with pid 865
2025-02-22 13:38:38,065 INFO success: producer entered RUNNING state, process has stayed up for > than 1 seconds (startsecs)
2025-02-22 13:38:42,689 WARN exited: producer (exit status 1; not expected)
2025-02-22 13:38:43,696 INFO spawned: 'producer' with pid 870
2025-02-22 13:38:44,698 INFO success: producer entered RUNNING state, process has stayed up for > than 1 seconds (startsecs)
2025-02-22 13:38:55,034 WARN exited: producer (exit status 1; not expected)
2025-02-22 13:38:56,041 INFO spawned: 'producer' with pid 873
2025-02-22 13:38:57,043 INFO success: producer entered RUNNING state, process has stayed up for > than 1 seconds (startsecs)
2025-02-22 13:39:11,050 WARN exited: producer (exit status 1; not expected)
2025-02-22 13:39:12,057 INFO spawned: 'producer' with pid 876
2025-02-22 13:39:13,060 INFO success: producer entered RUNNING state, process has stayed up for > than 1 seconds (startsecs)
2025-02-22 13:39:25,094 WARN exited: producer (exit status 1; not expected)
2025-02-22 13:39:26,100 INFO spawned: 'producer' with pid 879
2025-02-22 13:39:27,102 INFO success: producer entered RUNNING state, process has stayed up for > than 1 seconds (startsecs)
2025-02-22 13:39:39,134 WARN exited: producer (exit status 1; not expected)
2025-02-22 13:39:40,140 INFO spawned: 'producer' with pid 883
2025-02-22 13:39:41,142 INFO success: producer entered RUNNING state, process has stayed up for > than 1 seconds (startsecs)
2025-02-22 13:39:45,734 WARN exited: producer (exit status 1; not expected)
2025-02-22 13:39:46,741 INFO spawned: 'producer' with pid 886
2025-02-22 13:39:47,743 INFO success: producer entered RUNNING state, process has stayed up for > than 1 seconds (startsecs)
2025-02-22 13:39:58,123 WARN exited: producer (exit status 1; not expected)
2025-02-22 13:39:59,129 INFO spawned: 'producer' with pid 889
2025-02-22 13:40:00,131 INFO success: producer entered RUNNING state, process has stayed up for > than 1 seconds (startsecs)
2025-02-22 13:40:04,740 WARN exited: producer (exit status 1; not expected)
2025-02-22 13:40:05,745 INFO spawned: 'producer' with pid 892
2025-02-22 13:40:06,747 INFO success: producer entered RUNNING state, process has stayed up for > than 1 seconds (startsecs)
2025-02-22 13:40:16,487 WARN exited: producer (exit status 1; not expected)
2025-02-22 13:40:17,493 INFO spawned: 'producer' with pid 917
2025-02-22 13:40:18,495 INFO success: producer entered RUNNING state, process has stayed up for > than 1 seconds (startsecs)
2025-02-22 13:40:28,208 WARN exited: producer (exit status 1; not expected)
2025-02-22 13:40:29,216 INFO spawned: 'producer' with pid 925
2025-02-22 13:40:30,218 INFO success: producer entered RUNNING state, process has stayed up for > than 1 seconds (startsecs)
2025-02-22 13:40:34,808 WARN exited: producer (exit status 1; not expected)
2025-02-22 13:40:35,815 INFO spawned: 'producer' with pid 928
2025-02-22 13:40:36,817 INFO success: producer entered RUNNING state, process has stayed up for > than 1 seconds (startsecs)
2025-02-22 13:40:47,224 WARN exited: producer (exit status 1; not expected)
2025-02-22 13:40:48,231 INFO spawned: 'producer' with pid 954
2025-02-22 13:40:49,233 INFO success: producer entered RUNNING state, process has stayed up for > than 1 seconds (startsecs)
2025-02-22 13:41:03,250 WARN exited: producer (exit status 1; not expected)
2025-02-22 13:41:04,257 INFO spawned: 'producer' with pid 957
2025-02-22 13:41:05,259 INFO success: producer entered RUNNING state, process has stayed up for > than 1 seconds (startsecs)
2025-02-22 13:41:16,274 WARN exited: producer (exit status 1; not expected)
2025-02-22 13:41:17,282 INFO spawned: 'producer' with pid 960
2025-02-22 13:41:18,283 INFO success: producer entered RUNNING state, process has stayed up for > than 1 seconds (startsecs)
2025-02-22 13:41:22,880 WARN exited: producer (exit status 1; not expected)
2025-02-22 13:41:23,887 INFO spawned: 'producer' with pid 979
2025-02-22 13:41:24,889 INFO success: producer entered RUNNING state, process has stayed up for > than 1 seconds (startsecs)
2025-02-22 13:41:35,216 WARN exited: producer (exit status 1; not expected)
2025-02-22 13:41:36,223 INFO spawned: 'producer' with pid 990
2025-02-22 13:41:37,226 INFO success: producer entered RUNNING state, process has stayed up for > than 1 seconds (startsecs)
2025-02-22 13:41:49,254 WARN exited: producer (exit status 1; not expected)
2025-02-22 13:41:50,261 INFO spawned: 'producer' with pid 994
2025-02-22 13:41:51,263 INFO success: producer entered RUNNING state, process has stayed up for > than 1 seconds (startsecs)
2025-02-22 13:41:55,862 WARN exited: producer (exit status 1; not expected)
2025-02-22 13:41:56,869 INFO spawned: 'producer' with pid 997
2025-02-22 13:41:57,871 INFO success: producer entered RUNNING state, process has stayed up for > than 1 seconds (startsecs)
2025-02-22 13:42:07,507 WARN exited: producer (exit status 1; not expected)
2025-02-22 13:42:08,514 INFO spawned: 'producer' with pid 1011
2025-02-22 13:42:09,516 INFO success: producer entered RUNNING state, process has stayed up for > than 1 seconds (startsecs)
2025-02-22 13:42:22,316 WARN exited: producer (exit status 1; not expected)
2025-02-22 13:42:23,322 INFO spawned: 'producer' with pid 1028
2025-02-22 13:42:24,325 INFO success: producer entered RUNNING state, process has stayed up for > than 1 seconds (startsecs)
2025-02-22 13:42:35,302 WARN exited: producer (exit status 1; not expected)
2025-02-22 13:42:36,309 INFO spawned: 'producer' with pid 1046
2025-02-22 13:42:37,311 INFO success: producer entered RUNNING state, process has stayed up for > than 1 seconds (startsecs)
2025-02-22 13:42:41,962 WARN exited: producer (exit status 1; not expected)
2025-02-22 13:42:42,968 INFO spawned: 'producer' with pid 1057
2025-02-22 13:42:43,971 INFO success: producer entered RUNNING state, process has stayed up for > than 1 seconds (startsecs)
2025-02-22 13:42:55,399 WARN exited: producer (exit status 1; not expected)
2025-02-22 13:42:56,408 INFO spawned: 'producer' with pid 1076
2025-02-22 13:42:57,409 INFO success: producer entered RUNNING state, process has stayed up for > than 1 seconds (startsecs)
2025-02-22 13:43:02,003 WARN exited: producer (exit status 1; not expected)
2025-02-22 13:43:03,011 INFO spawned: 'producer' with pid 1079
2025-02-22 13:43:04,012 INFO success: producer entered RUNNING state, process has stayed up for > than 1 seconds (startsecs)
2025-02-22 13:43:14,429 WARN exited: producer (exit status 1; not expected)
2025-02-22 13:43:15,437 INFO spawned: 'producer' with pid 1082
2025-02-22 13:43:16,439 INFO success: producer entered RUNNING state, process has stayed up for > than 1 seconds (startsecs)
2025-02-22 13:43:17,440 WARN received SIGTERM indicating exit request
2025-02-22 13:43:17,441 INFO waiting for consumer, producer to die
2025-02-22 13:43:17,442 WARN stopped: producer (terminated by SIGTERM)
2025-02-22 13:43:17,446 WARN stopped: consumer (terminated by SIGTERM)
2025-02-22 13:48:28,462 INFO daemonizing the supervisord process
2025-02-22 13:48:28,465 INFO supervisord started with pid 1305
2025-02-22 13:48:29,472 INFO spawned: 'consumer' with pid 1306
2025-02-22 13:48:29,477 INFO spawned: 'producer' with pid 1307
2025-02-22 13:48:30,479 INFO success: consumer entered RUNNING state, process has stayed up for > than 1 seconds (startsecs)
2025-02-22 13:48:30,480 INFO success: producer entered RUNNING state, process has stayed up for > than 1 seconds (startsecs)
2025-02-22 13:48:35,219 WARN exited: producer (exit status 1; not expected)
2025-02-22 13:48:36,226 INFO spawned: 'producer' with pid 1316
2025-02-22 13:48:37,227 INFO success: producer entered RUNNING state, process has stayed up for > than 1 seconds (startsecs)
2025-02-22 13:48:41,836 WARN exited: producer (exit status 1; not expected)
2025-02-22 13:48:42,841 INFO spawned: 'producer' with pid 1322
2025-02-22 13:48:43,843 INFO success: producer entered RUNNING state, process has stayed up for > than 1 seconds (startsecs)
2025-02-22 13:48:53,504 WARN exited: producer (exit status 1; not expected)
2025-02-22 13:48:54,511 INFO spawned: 'producer' with pid 1325
2025-02-22 13:48:55,513 INFO success: producer entered RUNNING state, process has stayed up for > than 1 seconds (startsecs)
2025-02-22 13:49:00,122 WARN exited: producer (exit status 1; not expected)
2025-02-22 13:49:01,129 INFO spawned: 'producer' with pid 1328
2025-02-22 13:49:02,131 INFO success: producer entered RUNNING state, process has stayed up for > than 1 seconds (startsecs)
2025-02-22 13:49:12,342 WARN exited: producer (exit status 1; not expected)
2025-02-22 13:49:13,348 INFO spawned: 'producer' with pid 1349
2025-02-22 13:49:14,350 INFO success: producer entered RUNNING state, process has stayed up for > than 1 seconds (startsecs)
2025-02-22 13:49:24,305 WARN exited: producer (exit status 1; not expected)
2025-02-22 13:49:25,312 INFO spawned: 'producer' with pid 1366
2025-02-22 13:49:26,314 INFO success: producer entered RUNNING state, process has stayed up for > than 1 seconds (startsecs)
2025-02-22 13:49:32,336 INFO daemonizing the supervisord process
2025-02-22 13:49:32,339 INFO supervisord started with pid 1376
2025-02-22 13:49:33,345 INFO spawned: 'consumer' with pid 1377
2025-02-22 13:49:33,349 INFO spawned: 'producer' with pid 1378
2025-02-22 13:49:34,351 INFO success: consumer entered RUNNING state, process has stayed up for > than 1 seconds (startsecs)
2025-02-22 13:49:34,352 INFO success: producer entered RUNNING state, process has stayed up for > than 1 seconds (startsecs)
2025-02-22 13:49:39,095 WARN exited: producer (exit status 1; not expected)
2025-02-22 13:49:40,099 INFO spawned: 'producer' with pid 1385
2025-02-22 13:49:40,310 WARN exited: consumer (exit status 1; not expected)
2025-02-22 13:49:40,341 INFO spawned: 'consumer' with pid 1386
2025-02-22 13:49:40,355 WARN exited: producer (exit status 1; not expected)
2025-02-22 13:49:41,101 INFO success: producer entered RUNNING state, process has stayed up for > than 1 seconds (startsecs)
2025-02-22 13:49:41,358 INFO success: consumer entered RUNNING state, process has stayed up for > than 1 seconds (startsecs)
2025-02-22 13:49:41,361 INFO spawned: 'producer' with pid 1392
2025-02-22 13:49:42,362 INFO success: producer entered RUNNING state, process has stayed up for > than 1 seconds (startsecs)
2025-02-22 13:49:45,721 WARN exited: producer (exit status 1; not expected)
2025-02-22 13:49:45,941 WARN exited: consumer (exit status 1; not expected)
2025-02-22 13:49:46,726 INFO spawned: 'producer' with pid 1397
2025-02-22 13:49:46,947 INFO spawned: 'consumer' with pid 1398
2025-02-22 13:49:47,141 WARN exited: producer (exit status 1; not expected)
2025-02-22 13:49:47,728 INFO success: producer entered RUNNING state, process has stayed up for > than 1 seconds (startsecs)
2025-02-22 13:49:48,144 INFO success: consumer entered RUNNING state, process has stayed up for > than 1 seconds (startsecs)
2025-02-22 13:49:48,147 INFO spawned: 'producer' with pid 1403
2025-02-22 13:49:49,149 INFO success: producer entered RUNNING state, process has stayed up for > than 1 seconds (startsecs)
2025-02-22 13:49:53,768 WARN exited: producer (exit status 1; not expected)
2025-02-22 13:49:54,774 INFO spawned: 'producer' with pid 1407
2025-02-22 13:49:55,776 INFO success: producer entered RUNNING state, process has stayed up for > than 1 seconds (startsecs)
2025-02-22 13:49:58,108 WARN exited: consumer (exit status 1; not expected)
2025-02-22 13:49:58,152 INFO spawned: 'consumer' with pid 1419
2025-02-22 13:49:58,165 WARN exited: producer (exit status 1; not expected)
2025-02-22 13:49:59,168 INFO success: consumer entered RUNNING state, process has stayed up for > than 1 seconds (startsecs)
2025-02-22 13:49:59,172 INFO spawned: 'producer' with pid 1422
2025-02-22 13:50:00,173 INFO success: producer entered RUNNING state, process has stayed up for > than 1 seconds (startsecs)
2025-02-22 13:50:00,409 WARN exited: producer (exit status 1; not expected)
2025-02-22 13:50:01,415 INFO spawned: 'producer' with pid 1425
2025-02-22 13:50:02,418 INFO success: producer entered RUNNING state, process has stayed up for > than 1 seconds (startsecs)
2025-02-22 13:50:03,740 WARN exited: consumer (exit status 1; not expected)
2025-02-22 13:50:04,745 INFO spawned: 'consumer' with pid 1428
2025-02-22 13:50:04,924 WARN exited: producer (exit status 1; not expected)
2025-02-22 13:50:05,927 INFO success: consumer entered RUNNING state, process has stayed up for > than 1 seconds (startsecs)
2025-02-22 13:50:05,931 INFO spawned: 'producer' with pid 1434
2025-02-22 13:50:06,933 INFO success: producer entered RUNNING state, process has stayed up for > than 1 seconds (startsecs)
2025-02-22 13:50:07,029 WARN exited: producer (exit status 1; not expected)
2025-02-22 13:50:08,035 INFO spawned: 'producer' with pid 1437
2025-02-22 13:50:09,036 INFO success: producer entered RUNNING state, process has stayed up for > than 1 seconds (startsecs)
2025-02-22 13:50:11,535 WARN exited: producer (exit status 1; not expected)
2025-02-22 13:50:12,541 INFO spawned: 'producer' with pid 1440
2025-02-22 13:50:13,542 INFO success: producer entered RUNNING state, process has stayed up for > than 1 seconds (startsecs)
2025-02-22 13:50:13,654 WARN exited: producer (exit status 1; not expected)
2025-02-22 13:50:14,660 INFO spawned: 'producer' with pid 1443
2025-02-22 13:50:15,662 INFO success: producer entered RUNNING state, process has stayed up for > than 1 seconds (startsecs)
2025-02-22 13:50:18,120 WARN exited: producer (exit status 1; not expected)
2025-02-22 13:50:19,126 INFO spawned: 'producer' with pid 1446
2025-02-22 13:50:20,128 INFO success: producer entered RUNNING state, process has stayed up for > than 1 seconds (startsecs)
2025-02-22 13:50:30,297 WARN exited: consumer (exit status 1; not expected)
2025-02-22 13:50:30,330 WARN exited: producer (exit status 1; not expected)
2025-02-22 13:50:30,388 INFO spawned: 'consumer' with pid 1449
2025-02-22 13:50:30,404 WARN exited: producer (exit status 1; not expected)
2025-02-22 13:50:31,337 INFO spawned: 'producer' with pid 1467
2025-02-22 13:50:31,407 INFO success: consumer entered RUNNING state, process has stayed up for > than 1 seconds (startsecs)
2025-02-22 13:50:31,411 INFO spawned: 'producer' with pid 1468
2025-02-22 13:50:32,338 INFO success: producer entered RUNNING state, process has stayed up for > than 1 seconds (startsecs)
2025-02-22 13:50:32,413 INFO success: producer entered RUNNING state, process has stayed up for > than 1 seconds (startsecs)
2025-02-22 13:50:33,084 INFO daemonizing the supervisord process
2025-02-22 13:50:33,088 INFO supervisord started with pid 1474
2025-02-22 13:50:34,094 INFO spawned: 'consumer' with pid 1475
2025-02-22 13:50:34,098 INFO spawned: 'producer' with pid 1476
2025-02-22 13:50:35,100 INFO success: consumer entered RUNNING state, process has stayed up for > than 1 seconds (startsecs)
2025-02-22 13:50:35,100 INFO success: producer entered RUNNING state, process has stayed up for > than 1 seconds (startsecs)
2025-02-22 13:50:36,147 WARN exited: consumer (exit status 1; not expected)
2025-02-22 13:50:36,991 WARN exited: producer (exit status 1; not expected)
2025-02-22 13:50:37,078 INFO spawned: 'consumer' with pid 1481
2025-02-22 13:50:37,092 WARN exited: producer (exit status 1; not expected)
2025-02-22 13:50:37,997 INFO spawned: 'producer' with pid 1485
2025-02-22 13:50:38,095 INFO success: consumer entered RUNNING state, process has stayed up for > than 1 seconds (startsecs)
2025-02-22 13:50:38,099 INFO spawned: 'producer' with pid 1486
2025-02-22 13:50:38,998 INFO success: producer entered RUNNING state, process has stayed up for > than 1 seconds (startsecs)
2025-02-22 13:50:39,101 INFO success: producer entered RUNNING state, process has stayed up for > than 1 seconds (startsecs)
2025-02-22 13:50:39,778 WARN exited: consumer (exit status 1; not expected)
2025-02-22 13:50:39,782 INFO spawned: 'consumer' with pid 1496
2025-02-22 13:50:39,782 WARN exited: producer (exit status 1; not expected)
2025-02-22 13:50:40,784 INFO success: consumer entered RUNNING state, process has stayed up for > than 1 seconds (startsecs)
2025-02-22 13:50:40,787 INFO spawned: 'producer' with pid 1500
2025-02-22 13:50:41,789 INFO success: producer entered RUNNING state, process has stayed up for > than 1 seconds (startsecs)
2025-02-22 13:50:42,715 WARN exited: consumer (exit status 1; not expected)
2025-02-22 13:50:43,658 WARN exited: producer (exit status 1; not expected)
2025-02-22 13:50:43,721 INFO spawned: 'consumer' with pid 1503
2025-02-22 13:50:43,745 WARN exited: producer (exit status 1; not expected)
2025-02-22 13:50:44,662 INFO spawned: 'producer' with pid 1506
2025-02-22 13:50:44,747 INFO success: consumer entered RUNNING state, process has stayed up for > than 1 seconds (startsecs)
2025-02-22 13:50:44,751 INFO spawned: 'producer' with pid 1507
2025-02-22 13:50:45,380 WARN exited: consumer (exit status 1; not expected)
2025-02-22 13:50:45,664 INFO success: producer entered RUNNING state, process has stayed up for > than 1 seconds (startsecs)
2025-02-22 13:50:45,753 INFO success: producer entered RUNNING state, process has stayed up for > than 1 seconds (startsecs)
2025-02-22 13:50:46,367 INFO spawned: 'consumer' with pid 1521
2025-02-22 13:50:46,381 WARN exited: producer (exit status 1; not expected)
2025-02-22 13:50:47,383 INFO success: consumer entered RUNNING state, process has stayed up for > than 1 seconds (startsecs)
2025-02-22 13:50:47,387 INFO spawned: 'producer' with pid 1524
2025-02-22 13:50:47,979 CRIT Supervisor is running as root.  Privileges were not dropped because no user is specified in the config file.  If you intend to run as root, you can set user=root in the config file to avoid this message.
2025-02-22 13:50:47,982 INFO daemonizing the supervisord process
2025-02-22 13:50:47,986 INFO supervisord started with pid 1530
2025-02-22 13:50:48,389 INFO success: producer entered RUNNING state, process has stayed up for > than 1 seconds (startsecs)
2025-02-22 13:50:48,991 INFO spawned: 'consumer' with pid 1531
2025-02-22 13:50:48,996 INFO spawned: 'producer' with pid 1532
2025-02-22 13:50:49,584 WARN exited: consumer (exit status 1; not expected)
2025-02-22 13:50:49,669 WARN exited: producer (exit status 1; not expected)
2025-02-22 13:50:50,334 WARN exited: producer (exit status 1; not expected)
2025-02-22 13:50:50,389 WARN exited: producer (exit status 1; not expected)
2025-02-22 13:50:50,676 INFO spawned: 'consumer' with pid 1538
2025-02-22 13:50:50,678 INFO spawned: 'producer' with pid 1539
2025-02-22 13:50:51,096 WARN exited: producer (exit status 1; not expected)
2025-02-22 13:50:51,113 WARN exited: consumer (exit status 1; not expected)
2025-02-22 13:50:51,341 INFO spawned: 'producer' with pid 1544
2025-02-22 13:50:51,394 INFO spawned: 'producer' with pid 1545
2025-02-22 13:50:52,342 INFO success: producer entered RUNNING state, process has stayed up for > than 1 seconds (startsecs)
2025-02-22 13:50:52,396 INFO success: producer entered RUNNING state, process has stayed up for > than 1 seconds (startsecs)
2025-02-22 13:50:53,019 WARN exited: producer (exit status 1; not expected)
2025-02-22 13:50:53,120 INFO spawned: 'consumer' with pid 1550
2025-02-22 13:50:53,122 INFO spawned: 'producer' with pid 1551
2025-02-22 13:50:53,545 WARN exited: consumer (exit status 1; not expected)
2025-02-22 13:50:53,546 WARN exited: producer (exit status 1; not expected)
2025-02-22 13:50:54,026 INFO spawned: 'producer' with pid 1559
2025-02-22 13:50:55,027 INFO success: producer entered RUNNING state, process has stayed up for > than 1 seconds (startsecs)
2025-02-22 13:50:56,555 INFO spawned: 'consumer' with pid 1565
2025-02-22 13:50:56,558 INFO spawned: 'producer' with pid 1566
2025-02-22 13:50:56,920 WARN exited: consumer (exit status 1; not expected)
2025-02-22 13:50:56,921 INFO gave up: consumer entered FATAL state, too many start retries too quickly
2025-02-22 13:50:56,921 WARN exited: producer (exit status 1; not expected)
2025-02-22 13:50:57,052 WARN exited: producer (exit status 1; not expected)
2025-02-22 13:50:57,095 WARN exited: producer (exit status 1; not expected)
2025-02-22 13:50:57,923 INFO gave up: producer entered FATAL state, too many start retries too quickly
2025-02-22 13:50:58,057 INFO spawned: 'producer' with pid 1571
2025-02-22 13:50:58,101 INFO spawned: 'producer' with pid 1572
2025-02-22 13:50:59,059 INFO success: producer entered RUNNING state, process has stayed up for > than 1 seconds (startsecs)
2025-02-22 13:50:59,103 INFO success: producer entered RUNNING state, process has stayed up for > than 1 seconds (startsecs)
2025-02-22 13:50:59,615 WARN exited: producer (exit status 1; not expected)
2025-02-22 13:51:00,274 WARN exited: producer (exit status 1; not expected)
2025-02-22 13:51:00,621 INFO spawned: 'producer' with pid 1577
2025-02-22 13:51:01,280 INFO spawned: 'producer' with pid 1580
2025-02-22 13:51:01,623 INFO success: producer entered RUNNING state, process has stayed up for > than 1 seconds (startsecs)
2025-02-22 13:51:01,834 WARN exited: producer (exit status 1; not expected)
2025-02-22 13:51:02,839 INFO spawned: 'producer' with pid 1583
2025-02-22 13:51:03,840 INFO success: producer entered RUNNING state, process has stayed up for > than 1 seconds (startsecs)
2025-02-22 13:51:08,523 WARN exited: producer (exit status 1; not expected)
2025-02-22 13:51:09,528 INFO spawned: 'producer' with pid 1586
2025-02-22 13:51:10,281 WARN exited: consumer (exit status 1; not expected)
2025-02-22 13:51:10,328 WARN exited: consumer (exit status 1; not expected)
2025-02-22 13:51:10,355 INFO spawned: 'consumer' with pid 1589
2025-02-22 13:51:10,370 WARN exited: producer (exit status 1; not expected)
2025-02-22 13:51:11,254 WARN exited: producer (exit status 1; not expected)
2025-02-22 13:51:11,286 INFO spawned: 'consumer' with pid 1592
2025-02-22 13:51:11,287 INFO success: producer entered RUNNING state, process has stayed up for > than 1 seconds (startsecs)
2025-02-22 13:51:11,372 INFO success: consumer entered RUNNING state, process has stayed up for > than 1 seconds (startsecs)
2025-02-22 13:51:11,374 INFO spawned: 'producer' with pid 1593
2025-02-22 13:51:12,259 INFO spawned: 'producer' with pid 1598
2025-02-22 13:51:12,288 INFO success: consumer entered RUNNING state, process has stayed up for > than 1 seconds (startsecs)
2025-02-22 13:51:12,376 INFO success: producer entered RUNNING state, process has stayed up for > than 1 seconds (startsecs)
2025-02-22 13:51:13,261 INFO success: producer entered RUNNING state, process has stayed up for > than 1 seconds (startsecs)
2025-02-22 13:51:13,944 WARN received SIGTERM indicating exit request
2025-02-22 13:51:14,263 WARN received SIGTERM indicating exit request
2025-02-22 13:51:14,264 INFO waiting for consumer, producer to die
2025-02-22 13:51:14,266 WARN stopped: producer (terminated by SIGTERM)
2025-02-22 13:51:14,268 WARN stopped: consumer (terminated by SIGTERM)
2025-02-22 13:51:14,291 WARN received SIGTERM indicating exit request
2025-02-22 13:51:14,292 INFO waiting for consumer, producer to die
2025-02-22 13:51:14,293 WARN stopped: producer (terminated by SIGTERM)
2025-02-22 13:51:14,295 WARN stopped: consumer (terminated by SIGTERM)
2025-02-22 13:51:14,379 WARN received SIGTERM indicating exit request
2025-02-22 13:51:14,380 INFO waiting for consumer, producer to die
2025-02-22 13:51:14,382 WARN stopped: producer (terminated by SIGTERM)
2025-02-22 13:51:14,384 WARN stopped: consumer (terminated by SIGTERM)
2025-02-22 13:51:56,723 INFO daemonizing the supervisord process
2025-02-22 13:51:56,726 INFO supervisord started with pid 1635
2025-02-22 13:51:57,733 INFO spawned: 'consumer' with pid 1649
2025-02-22 13:51:57,739 INFO spawned: 'producer' with pid 1650
2025-02-22 13:51:58,741 INFO success: consumer entered RUNNING state, process has stayed up for > than 1 seconds (startsecs)
2025-02-22 13:51:58,741 INFO success: producer entered RUNNING state, process has stayed up for > than 1 seconds (startsecs)
2025-02-22 13:52:08,979 WARN exited: producer (exit status 1; not expected)
2025-02-22 13:52:09,986 INFO spawned: 'producer' with pid 1662
2025-02-22 13:52:10,988 INFO success: producer entered RUNNING state, process has stayed up for > than 1 seconds (startsecs)
2025-02-22 13:52:15,597 WARN exited: producer (exit status 1; not expected)
2025-02-22 13:52:16,606 INFO spawned: 'producer' with pid 1665
2025-02-22 13:52:17,608 INFO success: producer entered RUNNING state, process has stayed up for > than 1 seconds (startsecs)
2025-02-22 13:52:22,224 WARN exited: producer (exit status 1; not expected)
2025-02-22 13:52:23,230 INFO spawned: 'producer' with pid 1668
2025-02-22 13:52:24,232 INFO success: producer entered RUNNING state, process has stayed up for > than 1 seconds (startsecs)
2025-02-22 13:52:37,084 WARN exited: producer (exit status 1; not expected)
2025-02-22 13:52:38,093 INFO spawned: 'producer' with pid 1680
2025-02-22 13:52:39,095 INFO success: producer entered RUNNING state, process has stayed up for > than 1 seconds (startsecs)
2025-02-22 13:52:43,721 WARN exited: producer (exit status 1; not expected)
2025-02-22 13:52:44,728 INFO spawned: 'producer' with pid 1688
2025-02-22 13:52:45,730 INFO success: producer entered RUNNING state, process has stayed up for > than 1 seconds (startsecs)
2025-02-22 13:52:57,060 WARN exited: producer (exit status 1; not expected)
2025-02-22 13:52:58,068 INFO spawned: 'producer' with pid 1708
2025-02-22 13:52:59,070 INFO success: producer entered RUNNING state, process has stayed up for > than 1 seconds (startsecs)
2025-02-22 13:53:09,165 WARN exited: producer (exit status 1; not expected)
2025-02-22 13:53:10,173 INFO spawned: 'producer' with pid 1711
2025-02-22 13:53:11,175 INFO success: producer entered RUNNING state, process has stayed up for > than 1 seconds (startsecs)
2025-02-22 13:53:14,181 WARN received SIGTERM indicating exit request
2025-02-22 13:53:14,182 INFO waiting for consumer, producer to die
2025-02-22 13:53:14,184 WARN stopped: producer (terminated by SIGTERM)
2025-02-22 13:53:14,187 WARN stopped: consumer (terminated by SIGTERM)
2025-02-22 13:56:25,760 INFO daemonizing the supervisord process
2025-02-22 13:56:25,764 INFO supervisord started with pid 1833
2025-02-22 13:56:26,769 INFO spawned: 'consumer' with pid 1834
2025-02-22 13:56:26,774 INFO spawned: 'producer' with pid 1835
2025-02-22 13:56:27,777 INFO success: consumer entered RUNNING state, process has stayed up for > than 1 seconds (startsecs)
2025-02-22 13:56:27,777 INFO success: producer entered RUNNING state, process has stayed up for > than 1 seconds (startsecs)
2025-02-22 13:56:37,611 WARN exited: producer (exit status 1; not expected)
2025-02-22 13:56:38,618 INFO spawned: 'producer' with pid 1843
2025-02-22 13:56:39,620 INFO success: producer entered RUNNING state, process has stayed up for > than 1 seconds (startsecs)
2025-02-22 13:56:44,387 WARN exited: producer (exit status 1; not expected)
2025-02-22 13:56:45,392 INFO spawned: 'producer' with pid 1847
2025-02-22 13:56:46,394 INFO success: producer entered RUNNING state, process has stayed up for > than 1 seconds (startsecs)
2025-02-22 13:56:57,672 WARN exited: producer (exit status 1; not expected)
2025-02-22 13:56:58,678 INFO spawned: 'producer' with pid 1850
2025-02-22 13:56:59,680 INFO success: producer entered RUNNING state, process has stayed up for > than 1 seconds (startsecs)
2025-02-22 13:57:07,689 WARN received SIGTERM indicating exit request
2025-02-22 13:57:07,690 INFO waiting for consumer, producer to die
2025-02-22 13:57:07,692 WARN stopped: producer (terminated by SIGTERM)
2025-02-22 13:57:07,695 WARN stopped: consumer (terminated by SIGTERM)
2025-02-22 14:01:12,300 INFO daemonizing the supervisord process
2025-02-22 14:01:12,303 INFO supervisord started with pid 1966
2025-02-22 14:01:13,309 INFO spawned: 'consumer' with pid 1967
2025-02-22 14:01:13,313 INFO spawned: 'producer' with pid 1968
2025-02-22 14:01:14,315 INFO success: consumer entered RUNNING state, process has stayed up for > than 1 seconds (startsecs)
2025-02-22 14:01:14,315 INFO success: producer entered RUNNING state, process has stayed up for > than 1 seconds (startsecs)
2025-02-22 14:01:19,102 WARN exited: producer (exit status 1; not expected)
2025-02-22 14:01:20,109 INFO spawned: 'producer' with pid 1975
2025-02-22 14:01:21,111 INFO success: producer entered RUNNING state, process has stayed up for > than 1 seconds (startsecs)
2025-02-22 14:01:34,157 WARN exited: producer (exit status 1; not expected)
2025-02-22 14:01:35,164 INFO spawned: 'producer' with pid 1991
2025-02-22 14:01:36,166 INFO success: producer entered RUNNING state, process has stayed up for > than 1 seconds (startsecs)
2025-02-22 14:01:47,198 WARN exited: producer (exit status 1; not expected)
2025-02-22 14:01:48,206 INFO spawned: 'producer' with pid 2013
2025-02-22 14:01:49,208 INFO success: producer entered RUNNING state, process has stayed up for > than 1 seconds (startsecs)
2025-02-22 14:01:59,210 WARN exited: producer (exit status 1; not expected)
2025-02-22 14:02:00,219 INFO spawned: 'producer' with pid 2030
2025-02-22 14:02:01,221 INFO success: producer entered RUNNING state, process has stayed up for > than 1 seconds (startsecs)
2025-02-22 14:02:14,214 WARN exited: producer (exit status 1; not expected)
2025-02-22 14:02:15,220 INFO spawned: 'producer' with pid 2051
2025-02-22 14:02:16,222 INFO success: producer entered RUNNING state, process has stayed up for > than 1 seconds (startsecs)
2025-02-22 14:02:29,285 WARN exited: producer (exit status 1; not expected)
2025-02-22 14:02:30,291 INFO spawned: 'producer' with pid 2059
2025-02-22 14:02:31,293 INFO success: producer entered RUNNING state, process has stayed up for > than 1 seconds (startsecs)
2025-02-22 14:02:35,953 WARN exited: producer (exit status 1; not expected)
2025-02-22 14:02:36,961 INFO spawned: 'producer' with pid 2062
2025-02-22 14:02:37,963 INFO success: producer entered RUNNING state, process has stayed up for > than 1 seconds (startsecs)
2025-02-22 14:02:49,276 WARN exited: producer (exit status 1; not expected)
2025-02-22 14:02:50,283 INFO spawned: 'producer' with pid 2066
2025-02-22 14:02:51,284 INFO success: producer entered RUNNING state, process has stayed up for > than 1 seconds (startsecs)
2025-02-23 07:39:23,507 INFO daemonizing the supervisord process
2025-02-23 07:39:23,511 INFO supervisord started with pid 1456
2025-02-23 07:39:24,516 INFO spawned: 'consumer' with pid 1458
2025-02-23 07:39:24,519 INFO spawned: 'producer' with pid 1459
2025-02-23 07:39:25,521 INFO success: consumer entered RUNNING state, process has stayed up for > than 1 seconds (startsecs)
2025-02-23 07:39:25,521 INFO success: producer entered RUNNING state, process has stayed up for > than 1 seconds (startsecs)
2025-02-23 07:39:35,818 WARN exited: producer (exit status 1; not expected)
2025-02-23 07:39:36,828 INFO spawned: 'producer' with pid 1469
2025-02-23 07:39:37,830 INFO success: producer entered RUNNING state, process has stayed up for > than 1 seconds (startsecs)
2025-02-23 07:39:53,339 WARN exited: producer (exit status 1; not expected)
2025-02-23 07:39:54,344 INFO spawned: 'producer' with pid 1472
2025-02-23 07:39:55,346 INFO success: producer entered RUNNING state, process has stayed up for > than 1 seconds (startsecs)
2025-02-23 07:40:08,320 WARN exited: producer (exit status 1; not expected)
2025-02-23 07:40:09,327 INFO spawned: 'producer' with pid 1475
2025-02-23 07:40:10,328 INFO success: producer entered RUNNING state, process has stayed up for > than 1 seconds (startsecs)
2025-02-23 07:40:20,419 WARN exited: producer (exit status 1; not expected)
2025-02-23 07:40:21,424 INFO spawned: 'producer' with pid 1496
2025-02-23 07:40:22,426 INFO success: producer entered RUNNING state, process has stayed up for > than 1 seconds (startsecs)
2025-02-23 07:40:29,463 WARN exited: producer (exit status 1; not expected)
2025-02-23 07:40:30,468 INFO spawned: 'producer' with pid 1500
2025-02-23 07:40:31,469 INFO success: producer entered RUNNING state, process has stayed up for > than 1 seconds (startsecs)
2025-02-23 07:40:41,018 WARN exited: producer (exit status 1; not expected)
2025-02-23 07:40:42,023 INFO spawned: 'producer' with pid 1503
2025-02-23 07:40:43,025 INFO success: producer entered RUNNING state, process has stayed up for > than 1 seconds (startsecs)
2025-02-23 07:40:56,920 WARN exited: producer (exit status 1; not expected)
2025-02-23 07:40:57,925 INFO spawned: 'producer' with pid 1506
2025-02-23 07:40:58,927 INFO success: producer entered RUNNING state, process has stayed up for > than 1 seconds (startsecs)
2025-02-23 07:41:11,550 WARN exited: producer (exit status 1; not expected)
2025-02-23 07:41:12,556 INFO spawned: 'producer' with pid 1509
2025-02-23 07:41:13,557 INFO success: producer entered RUNNING state, process has stayed up for > than 1 seconds (startsecs)
2025-02-23 07:41:26,524 WARN exited: producer (exit status 1; not expected)
2025-02-23 07:41:27,530 INFO spawned: 'producer' with pid 1512
2025-02-23 07:41:28,532 INFO success: producer entered RUNNING state, process has stayed up for > than 1 seconds (startsecs)
2025-02-23 07:41:43,121 WARN exited: producer (exit status 1; not expected)
2025-02-23 07:41:44,127 INFO spawned: 'producer' with pid 1517
2025-02-23 07:41:45,128 INFO success: producer entered RUNNING state, process has stayed up for > than 1 seconds (startsecs)
2025-02-23 07:41:49,666 WARN exited: producer (exit status 1; not expected)
2025-02-23 07:41:50,672 INFO spawned: 'producer' with pid 1520
2025-02-23 07:41:51,673 INFO success: producer entered RUNNING state, process has stayed up for > than 1 seconds (startsecs)
2025-02-23 07:42:02,197 WARN exited: producer (exit status 1; not expected)
2025-02-23 07:42:03,203 INFO spawned: 'producer' with pid 1523
2025-02-23 07:42:04,204 INFO success: producer entered RUNNING state, process has stayed up for > than 1 seconds (startsecs)
2025-02-23 07:42:19,732 WARN exited: producer (exit status 1; not expected)
2025-02-23 07:42:20,739 INFO spawned: 'producer' with pid 1526
2025-02-23 07:42:21,740 INFO success: producer entered RUNNING state, process has stayed up for > than 1 seconds (startsecs)
2025-02-23 07:42:31,751 WARN exited: producer (exit status 1; not expected)
2025-02-23 07:42:32,757 INFO spawned: 'producer' with pid 1529
2025-02-23 07:42:33,758 INFO success: producer entered RUNNING state, process has stayed up for > than 1 seconds (startsecs)
2025-02-23 07:42:38,286 WARN exited: producer (exit status 1; not expected)
2025-02-23 07:42:39,292 INFO spawned: 'producer' with pid 1533
2025-02-23 07:42:40,293 INFO success: producer entered RUNNING state, process has stayed up for > than 1 seconds (startsecs)
2025-02-23 07:42:53,324 WARN exited: producer (exit status 1; not expected)
2025-02-23 07:42:54,329 INFO spawned: 'producer' with pid 1536
2025-02-23 07:42:55,331 INFO success: producer entered RUNNING state, process has stayed up for > than 1 seconds (startsecs)
2025-02-23 07:43:05,438 WARN exited: producer (exit status 1; not expected)
2025-02-23 07:43:06,443 INFO spawned: 'producer' with pid 1539
2025-02-23 07:43:07,445 INFO success: producer entered RUNNING state, process has stayed up for > than 1 seconds (startsecs)
2025-02-23 07:43:22,803 WARN exited: producer (exit status 1; not expected)
2025-02-23 07:43:23,809 INFO spawned: 'producer' with pid 1542
2025-02-23 07:43:24,810 INFO success: producer entered RUNNING state, process has stayed up for > than 1 seconds (startsecs)
2025-02-23 07:43:29,349 WARN exited: producer (exit status 1; not expected)
2025-02-23 07:43:30,354 INFO spawned: 'producer' with pid 1545
2025-02-23 07:43:31,356 INFO success: producer entered RUNNING state, process has stayed up for > than 1 seconds (startsecs)
2025-02-23 07:43:41,852 WARN exited: producer (exit status 1; not expected)
2025-02-23 07:43:42,858 INFO spawned: 'producer' with pid 1549
2025-02-23 07:43:43,859 INFO success: producer entered RUNNING state, process has stayed up for > than 1 seconds (startsecs)
2025-02-23 07:43:48,433 WARN exited: producer (exit status 1; not expected)
2025-02-23 07:43:49,438 INFO spawned: 'producer' with pid 1552
2025-02-23 07:43:50,439 INFO success: producer entered RUNNING state, process has stayed up for > than 1 seconds (startsecs)
2025-02-23 07:44:03,312 WARN exited: producer (exit status 1; not expected)
2025-02-23 07:44:04,319 INFO spawned: 'producer' with pid 1573
2025-02-23 07:44:05,320 INFO success: producer entered RUNNING state, process has stayed up for > than 1 seconds (startsecs)
2025-02-23 07:44:09,935 WARN exited: producer (exit status 1; not expected)
2025-02-23 07:44:10,941 INFO spawned: 'producer' with pid 1594
2025-02-23 07:44:11,942 INFO success: producer entered RUNNING state, process has stayed up for > than 1 seconds (startsecs)
2025-02-23 07:44:21,548 WARN exited: producer (exit status 1; not expected)
2025-02-23 07:44:22,554 INFO spawned: 'producer' with pid 1615
2025-02-23 07:44:23,556 INFO success: producer entered RUNNING state, process has stayed up for > than 1 seconds (startsecs)
2025-02-23 07:44:39,766 WARN exited: consumer (exit status 1; not expected)
2025-02-23 07:44:39,793 INFO spawned: 'consumer' with pid 1642
2025-02-23 07:44:39,805 WARN exited: producer (exit status 1; not expected)
2025-02-23 07:44:40,808 INFO success: consumer entered RUNNING state, process has stayed up for > than 1 seconds (startsecs)
2025-02-23 07:44:40,811 INFO spawned: 'producer' with pid 1645
2025-02-23 07:44:41,812 INFO success: producer entered RUNNING state, process has stayed up for > than 1 seconds (startsecs)
2025-02-23 07:44:45,320 WARN exited: consumer (exit status 1; not expected)
2025-02-23 07:44:46,325 INFO spawned: 'consumer' with pid 1663
2025-02-23 07:44:46,344 WARN exited: producer (exit status 1; not expected)
2025-02-23 07:44:47,347 INFO success: consumer entered RUNNING state, process has stayed up for > than 1 seconds (startsecs)
2025-02-23 07:44:47,351 INFO spawned: 'producer' with pid 1666
2025-02-23 07:44:48,353 INFO success: producer entered RUNNING state, process has stayed up for > than 1 seconds (startsecs)
2025-02-23 07:44:56,975 WARN exited: consumer (exit status 1; not expected)
2025-02-23 07:44:57,965 INFO spawned: 'consumer' with pid 1675
2025-02-23 07:44:57,981 WARN exited: producer (exit status 1; not expected)
2025-02-23 07:44:58,983 INFO success: consumer entered RUNNING state, process has stayed up for > than 1 seconds (startsecs)
2025-02-23 07:44:58,987 INFO spawned: 'producer' with pid 1678
2025-02-23 07:44:59,989 INFO success: producer entered RUNNING state, process has stayed up for > than 1 seconds (startsecs)
2025-02-23 07:45:15,694 WARN exited: producer (exit status 1; not expected)
2025-02-23 07:45:16,701 INFO spawned: 'producer' with pid 1703
2025-02-23 07:45:17,702 INFO success: producer entered RUNNING state, process has stayed up for > than 1 seconds (startsecs)
2025-02-23 07:45:22,307 WARN exited: producer (exit status 1; not expected)
2025-02-23 07:45:23,313 INFO spawned: 'producer' with pid 1706
2025-02-23 07:45:24,314 INFO success: producer entered RUNNING state, process has stayed up for > than 1 seconds (startsecs)
2025-02-23 07:45:28,872 WARN exited: producer (exit status 1; not expected)
2025-02-23 07:45:29,878 INFO spawned: 'producer' with pid 1709
2025-02-23 07:45:30,880 INFO success: producer entered RUNNING state, process has stayed up for > than 1 seconds (startsecs)
2025-02-23 07:45:45,670 WARN exited: producer (exit status 1; not expected)
2025-02-23 07:45:46,676 INFO spawned: 'producer' with pid 1722
2025-02-23 07:45:47,677 INFO success: producer entered RUNNING state, process has stayed up for > than 1 seconds (startsecs)
2025-02-23 07:45:52,315 WARN exited: producer (exit status 1; not expected)
2025-02-23 07:45:53,321 INFO spawned: 'producer' with pid 1725
2025-02-23 07:45:54,323 INFO success: producer entered RUNNING state, process has stayed up for > than 1 seconds (startsecs)
2025-02-23 07:46:04,633 WARN exited: producer (exit status 1; not expected)
2025-02-23 07:46:05,638 INFO spawned: 'producer' with pid 1740
2025-02-23 07:46:06,640 INFO success: producer entered RUNNING state, process has stayed up for > than 1 seconds (startsecs)
2025-02-23 07:46:11,218 WARN exited: producer (exit status 1; not expected)
2025-02-23 07:46:12,225 INFO spawned: 'producer' with pid 1749
2025-02-23 07:46:13,226 INFO success: producer entered RUNNING state, process has stayed up for > than 1 seconds (startsecs)
2025-02-23 07:46:22,902 WARN exited: producer (exit status 1; not expected)
2025-02-23 07:46:23,907 INFO spawned: 'producer' with pid 1766
2025-02-23 07:46:24,909 INFO success: producer entered RUNNING state, process has stayed up for > than 1 seconds (startsecs)
2025-02-23 07:46:40,298 WARN exited: producer (exit status 1; not expected)
2025-02-23 07:46:41,304 INFO spawned: 'producer' with pid 1782
2025-02-23 07:46:42,304 INFO success: producer entered RUNNING state, process has stayed up for > than 1 seconds (startsecs)
2025-02-23 07:46:56,354 WARN exited: producer (exit status 1; not expected)
2025-02-23 07:46:57,361 INFO spawned: 'producer' with pid 1788
2025-02-23 07:46:58,363 INFO success: producer entered RUNNING state, process has stayed up for > than 1 seconds (startsecs)
2025-02-23 07:47:12,963 WARN exited: producer (exit status 1; not expected)
2025-02-23 07:47:13,968 INFO spawned: 'producer' with pid 1793
2025-02-23 07:47:14,970 INFO success: producer entered RUNNING state, process has stayed up for > than 1 seconds (startsecs)
2025-02-23 07:47:27,076 WARN exited: producer (exit status 1; not expected)
2025-02-23 07:47:28,081 INFO spawned: 'producer' with pid 1796
2025-02-23 07:47:29,082 INFO success: producer entered RUNNING state, process has stayed up for > than 1 seconds (startsecs)
2025-02-23 07:47:39,016 WARN exited: producer (exit status 1; not expected)
2025-02-23 07:47:40,022 INFO spawned: 'producer' with pid 1799
2025-02-23 07:47:41,023 INFO success: producer entered RUNNING state, process has stayed up for > than 1 seconds (startsecs)
2025-02-23 07:47:48,400 WARN exited: producer (exit status 1; not expected)
2025-02-23 07:47:49,408 INFO spawned: 'producer' with pid 1802
2025-02-23 07:47:50,410 INFO success: producer entered RUNNING state, process has stayed up for > than 1 seconds (startsecs)
2025-02-23 07:48:00,898 WARN exited: producer (exit status 1; not expected)
2025-02-23 07:48:01,907 INFO spawned: 'producer' with pid 1805
2025-02-23 07:48:02,908 INFO success: producer entered RUNNING state, process has stayed up for > than 1 seconds (startsecs)
2025-02-23 07:48:15,885 WARN exited: producer (exit status 1; not expected)
2025-02-23 07:48:16,889 INFO spawned: 'producer' with pid 1825
2025-02-23 07:48:20,857 INFO success: producer entered RUNNING state, process has stayed up for > than 1 seconds (startsecs)
2025-02-23 07:48:23,860 WARN received SIGTERM indicating exit request
2025-02-23 07:48:23,861 INFO waiting for consumer, producer to die
2025-02-23 07:48:23,863 WARN stopped: producer (terminated by SIGTERM)
2025-02-23 07:48:23,866 WARN stopped: consumer (terminated by SIGTERM)
